2026-03-29 22:19:17,942 INFO: main_0 | gen_0: start
2026-03-29 22:19:18,113 INFO: mlp_0 has been submitted
2026-03-29 22:21:18,282 INFO: All training_mlp tasks have been completed
2026-03-29 22:21:18,703 INFO: LiF: Task is submitted
2026-03-29 22:21:58,829 INFO: All MD calculations have been completed
2026-03-29 22:22:01,997 INFO: Complete coding process.
2026-03-29 22:22:03,558 INFO: per_configuration mean_descriptor coverage: {'LiF': [99.5879]}
2026-03-29 22:22:03,559 INFO: per_configuration mean_descriptor selected_count: {'LiF': 5}
2026-03-29 22:22:04,978 INFO: per_configuration two-body coverage: {'LiF': [98.8886, 98.8761]}
2026-03-29 22:22:06,774 INFO: per_configuration three-body coverage: {'LiF': [99.95, 99.7752]}
2026-03-29 22:22:07,039 INFO: per_configuration final selected_count: {'LiF': 7}
2026-03-29 22:22:07,039 INFO: num of select_num_mean_pre_sample:5, num of select_num_AEE_sample:3, num of repetition:1, total_num:7
2026-03-29 22:22:07,527 INFO: The 7 structures are divided into 5 dft calculation tasks to be submitted
2026-03-29 22:22:07,527 INFO: In the process of checking whether the SCF calculation is complete......
2026-03-29 22:22:58,026 INFO: All scf calculations have been completed
2026-03-29 22:22:58,082 INFO: Active learning continues: gen_0 | abacus_completed_number:7 | Successful_collection_structure/scf_convergent_number:7 | force_threshold_number(20):7
2026-03-29 22:23:04,390 INFO: main_0 | gen_1: start
2026-03-29 22:23:04,487 INFO: mlp_0 has been submitted
2026-03-29 22:24:04,707 INFO: All training_mlp tasks have been completed
2026-03-29 22:24:05,064 INFO: LiF: Task is submitted
2026-03-29 22:24:45,154 INFO: All MD calculations have been completed
2026-03-29 22:24:48,262 INFO: Complete coding process.
2026-03-29 22:24:49,756 INFO: per_configuration mean_descriptor coverage: {'LiF': [99.9126]}
2026-03-29 22:24:49,756 INFO: per_configuration mean_descriptor selected_count: {'LiF': 2}
2026-03-29 22:24:50,906 INFO: per_configuration two-body coverage: {'LiF': [99.9001, 99.9001]}
2026-03-29 22:24:52,728 INFO: per_configuration three-body coverage: {'LiF': [99.9542, 100.0]}
2026-03-29 22:24:52,979 INFO: per_configuration final selected_count: {'LiF': 2}
2026-03-29 22:24:52,979 INFO: num of select_num_mean_pre_sample:2, num of select_num_AEE_sample:1, num of repetition:1, total_num:2
2026-03-29 22:24:53,249 INFO: The 2 structures are divided into 2 dft calculation tasks to be submitted
2026-03-29 22:24:53,249 INFO: In the process of checking whether the SCF calculation is complete......
2026-03-29 22:25:23,331 INFO: All scf calculations have been completed
2026-03-29 22:25:23,349 INFO: Active learning continues: gen_1 | abacus_completed_number:2 | Successful_collection_structure/scf_convergent_number:2 | force_threshold_number(20):2
2026-03-29 22:25:28,185 INFO: main_0 | gen_2: start
2026-03-29 22:25:28,307 INFO: mlp_0 has been submitted
2026-03-29 22:26:38,441 INFO: All training_mlp tasks have been completed
2026-03-29 22:26:38,791 INFO: LiF: Task is submitted
2026-03-29 22:27:18,892 INFO: All MD calculations have been completed
2026-03-29 22:27:22,022 INFO: Complete coding process.
2026-03-29 22:27:23,580 INFO: per_configuration mean_descriptor coverage: {'LiF': [99.9875]}
2026-03-29 22:27:23,580 INFO: per_configuration mean_descriptor selected_count: {'LiF': 0}
2026-03-29 22:27:24,783 INFO: per_configuration two-body coverage: {'LiF': [100.0, 100.0]}
2026-03-29 22:27:26,648 INFO: per_configuration three-body coverage: {'LiF': [99.9126, 99.9792]}
2026-03-29 22:27:26,904 INFO: per_configuration final selected_count: {'LiF': 2}
2026-03-29 22:27:26,904 INFO: num of select_num_mean_pre_sample:0, num of select_num_AEE_sample:2, num of repetition:0, total_num:2
2026-03-29 22:27:27,160 INFO: The 2 structures are divided into 2 dft calculation tasks to be submitted
2026-03-29 22:27:27,160 INFO: In the process of checking whether the SCF calculation is complete......
2026-03-29 22:27:57,268 INFO: All scf calculations have been completed
2026-03-29 22:27:57,291 INFO: Active learning continues: gen_2 | abacus_completed_number:2 | Successful_collection_structure/scf_convergent_number:2 | force_threshold_number(20):2
2026-03-29 22:28:02,213 INFO: main_0 | gen_3: start
2026-03-29 22:28:02,320 INFO: mlp_0 has been submitted
2026-03-29 22:29:02,435 INFO: All training_mlp tasks have been completed
2026-03-29 22:29:02,644 INFO: LiF: Task is submitted
2026-03-29 22:29:42,808 INFO: All MD calculations have been completed
2026-03-29 22:29:45,944 INFO: Complete coding process.
2026-03-29 22:29:47,526 INFO: per_configuration mean_descriptor coverage: {'LiF': [99.9813]}
2026-03-29 22:29:47,527 INFO: per_configuration mean_descriptor selected_count: {'LiF': 0}
2026-03-29 22:29:48,745 INFO: per_configuration two-body coverage: {'LiF': [100.0, 100.0]}
2026-03-29 22:29:50,769 INFO: per_configuration three-body coverage: {'LiF': [99.9958, 99.9875]}
2026-03-29 22:29:51,091 INFO: per_configuration final selected_count: {'LiF': 0}
2026-03-29 22:29:51,091 INFO: num of select_num_mean_pre_sample:0, num of select_num_AEE_sample:0, num of repetition:0, total_num:0
2026-03-29 22:29:51,247 INFO: No structures were selected for SCF. The active learning loop ends
2026-03-29 22:29:57,560 INFO: main_1 | gen_0: start
2026-03-29 22:29:57,734 INFO: LiF: Task is submitted
2026-03-29 22:30:37,836 INFO: All MD calculations have been completed
2026-03-29 22:30:41,025 INFO: Complete coding process.
2026-03-29 22:30:42,585 INFO: per_configuration mean_descriptor coverage: {'LiF': [99.9563]}
2026-03-29 22:30:42,585 INFO: per_configuration mean_descriptor selected_count: {'LiF': 0}
2026-03-29 22:30:43,770 INFO: per_configuration two-body coverage: {'LiF': [99.95, 99.9376]}
2026-03-29 22:30:45,583 INFO: per_configuration three-body coverage: {'LiF': [99.975, 99.9542]}
2026-03-29 22:30:45,842 INFO: per_configuration final selected_count: {'LiF': 1}
2026-03-29 22:30:45,842 INFO: num of select_num_mean_pre_sample:0, num of select_num_AEE_sample:1, num of repetition:0, total_num:1
2026-03-29 22:30:46,051 INFO: The 1 structures are divided into 1 dft calculation tasks to be submitted
2026-03-29 22:30:46,051 INFO: In the process of checking whether the SCF calculation is complete......
2026-03-29 22:31:06,099 INFO: All scf calculations have been completed
2026-03-29 22:31:06,113 INFO: Active learning continues: gen_0 | abacus_completed_number:1 | Successful_collection_structure/scf_convergent_number:1 | force_threshold_number(20):1
2026-03-29 22:31:11,049 INFO: main_1 | gen_1: start
2026-03-29 22:31:11,151 INFO: mlp_0 has been submitted
2026-03-29 22:31:31,196 INFO: All training_mlp tasks have been completed
2026-03-29 22:31:31,332 INFO: LiF: Task is submitted
2026-03-29 22:32:11,422 INFO: All MD calculations have been completed
2026-03-29 22:32:17,048 INFO: Complete coding process.
2026-03-29 22:32:20,682 INFO: per_configuration mean_descriptor coverage: {'LiF': [99.9875]}
2026-03-29 22:32:20,683 INFO: per_configuration mean_descriptor selected_count: {'LiF': 0}
2026-03-29 22:32:22,367 INFO: per_configuration two-body coverage: {'LiF': [100.0, 100.0]}
2026-03-29 22:32:25,292 INFO: per_configuration three-body coverage: {'LiF': [100.0, 99.9833]}
2026-03-29 22:32:25,558 INFO: per_configuration final selected_count: {'LiF': 0}
2026-03-29 22:32:25,558 INFO: num of select_num_mean_pre_sample:0, num of select_num_AEE_sample:0, num of repetition:0, total_num:0
2026-03-29 22:32:25,565 INFO: No structures were selected for SCF. The active learning loop ends
