2026-03-29 23:39:03,962 INFO: main_0 | gen_0: start
2026-03-29 23:39:04,037 INFO: mlp_0 has been submitted
2026-03-29 23:41:04,128 INFO: All training_mlp tasks have been completed
2026-03-29 23:41:04,226 INFO: LiF: Task is submitted
2026-03-29 23:41:44,357 INFO: All MD calculations have been completed
2026-03-29 23:41:47,421 INFO: Complete coding process.
2026-03-29 23:41:49,041 INFO: mean_descriptor pre-sampling process. The number of classes:[25] The number of stru for all classes:[12] body_min_cover_stru:[5] type_coverage_rate:[[99.6441]] max_min_freq: [9, 1]
2026-03-29 23:41:49,041 INFO: num of select stru [5, 5]
2026-03-29 23:41:52,554 INFO: Complete the ocbf_sampling process. The number of classes:[8, 28] The number of stru for all classes:[5, 20] body_min_cover_stru:[2, 7] type_coverage_rate:[[99.7128, 99.6254], [99.6795, 99.7336]] max_min_freq: [41, 1]
2026-03-29 23:41:52,555 INFO: num of select stru [7, 7]
2026-03-29 23:41:52,555 INFO: num of select_num_mean_pre_sample:5, num of select_num_AEE_sample:7, num of repetition:3, total_num:9
2026-03-29 23:41:53,205 INFO: The 9 structures are divided into 5 dft calculation tasks to be submitted
2026-03-29 23:41:53,206 INFO: In the process of checking whether the SCF calculation is complete......
2026-03-29 23:42:33,644 INFO: All scf calculations have been completed
2026-03-29 23:42:33,713 INFO: Active learning continues: gen_0 | abacus_completed_number:9 | Successful_collection_structure/scf_convergent_number:9 | force_threshold_number(20):9
2026-03-29 23:42:38,461 INFO: main_0 | gen_1: start
2026-03-29 23:42:38,564 INFO: mlp_0 has been submitted
2026-03-29 23:43:38,652 INFO: All training_mlp tasks have been completed
2026-03-29 23:43:38,807 INFO: LiF: Task is submitted
2026-03-29 23:44:18,893 INFO: All MD calculations have been completed
2026-03-29 23:44:21,893 INFO: Complete coding process.
2026-03-29 23:44:23,489 INFO: mean_descriptor pre-sampling process. The number of classes:[1] The number of stru for all classes:[1] body_min_cover_stru:[1] type_coverage_rate:[[99.9938]] max_min_freq: [1, 1]
2026-03-29 23:44:23,489 INFO: num of select stru [1, 1]
2026-03-29 23:44:27,012 INFO: Complete the ocbf_sampling process. The number of classes:[0, 0] The number of stru for all classes:[0, 0] body_min_cover_stru:[0, 0] type_coverage_rate:[[100.0, 100.0], [100.0, 100.0]] max_min_freq: [NaN, NaN]
2026-03-29 23:44:27,012 INFO: num of select stru [0, 0]
2026-03-29 23:44:27,013 INFO: num of select_num_mean_pre_sample:0, num of select_num_AEE_sample:0, num of repetition:0, total_num:0
2026-03-29 23:44:27,018 INFO: No structures were selected for SCF. The active learning loop ends
2026-03-29 23:44:31,374 INFO: main_1 | gen_0: start
2026-03-29 23:44:31,555 INFO: LiF: Task is submitted
2026-03-29 23:45:11,627 INFO: All MD calculations have been completed
2026-03-29 23:45:14,597 INFO: Complete coding process.
2026-03-29 23:45:16,100 INFO: mean_descriptor pre-sampling process. The number of classes:[1] The number of stru for all classes:[1] body_min_cover_stru:[1] type_coverage_rate:[[99.9938]] max_min_freq: [1, 1]
2026-03-29 23:45:16,101 INFO: num of select stru [1, 1]
2026-03-29 23:45:19,444 INFO: Complete the ocbf_sampling process. The number of classes:[0, 10] The number of stru for all classes:[0, 11] body_min_cover_stru:[0, 8] type_coverage_rate:[[100.0, 100.0], [99.9958, 99.9417]] max_min_freq: [3, 1]
2026-03-29 23:45:19,445 INFO: num of select stru [7, 7]
2026-03-29 23:45:19,445 INFO: num of select_num_mean_pre_sample:0, num of select_num_AEE_sample:7, num of repetition:0, total_num:7
2026-03-29 23:45:19,843 INFO: The 7 structures are divided into 5 dft calculation tasks to be submitted
2026-03-29 23:45:19,843 INFO: In the process of checking whether the SCF calculation is complete......
2026-03-29 23:46:00,159 INFO: All scf calculations have been completed
2026-03-29 23:46:00,215 INFO: Active learning continues: gen_0 | abacus_completed_number:7 | Successful_collection_structure/scf_convergent_number:7 | force_threshold_number(20):7
2026-03-29 23:46:04,661 INFO: main_1 | gen_1: start
2026-03-29 23:46:04,819 INFO: mlp_0 has been submitted
2026-03-29 23:47:04,917 INFO: All training_mlp tasks have been completed
2026-03-29 23:47:05,042 INFO: LiF: Task is submitted
2026-03-29 23:47:45,119 INFO: All MD calculations have been completed
2026-03-29 23:47:50,594 INFO: Complete coding process.
2026-03-29 23:47:54,014 INFO: mean_descriptor pre-sampling process. The number of classes:[1] The number of stru for all classes:[2] body_min_cover_stru:[1] type_coverage_rate:[[99.9938]] max_min_freq: [1, 1]
2026-03-29 23:47:54,014 INFO: num of select stru [1, 1]
2026-03-29 23:47:58,687 INFO: Complete the ocbf_sampling process. The number of classes:[0, 8] The number of stru for all classes:[0, 8] body_min_cover_stru:[0, 6] type_coverage_rate:[[100.0, 100.0], [99.9833, 99.9917]] max_min_freq: [NaN, NaN]
2026-03-29 23:47:58,687 INFO: num of select stru [0, 0]
2026-03-29 23:47:58,687 INFO: num of select_num_mean_pre_sample:0, num of select_num_AEE_sample:0, num of repetition:0, total_num:0
2026-03-29 23:47:58,693 INFO: No structures were selected for SCF. The active learning loop ends
